Arguments: 
  C:\Program Files\nodejs\node.exe C:\Users\s.siomko\AppData\Roaming\npm\node_modules\yarn\bin\yarn.js add axios

PATH: 
  C:\Program Files (x86)\Razer Chroma SDK\bin;C:\Program Files\Razer Chroma SDK\bin;C:\Program Files (x86)\Razer\ChromaBroadcast\bin;C:\Program Files\Razer\ChromaBroadcast\bin;C:\Program Files (x86)\Common Files\Oracle\Java\javapath;C:\Windows\system32;C:\Windows;C:\Windows\System32\Wbem;C:\Windows\System32\WindowsPowerShell\v1.0\;C:\Windows\System32\OpenSSH\;C:\Program Files\Git\cmd;C:\Program Files\nodejs\;C:\Program Files (x86)\GitExtensions\;C:\Windows\system32\config\systemprofile\AppData\Local\Microsoft\WindowsApps;C:\Users\s.siomko\AppData\Local\Microsoft\WindowsApps;C:\Users\s.siomko\AppData\Local\Programs\Microsoft VS Code\bin;C:\Users\s.siomko\AppData\Roaming\npm

Yarn version: 
  1.22.10

Node version: 
  12.18.4

Platform: 
  win32 x64

Trace: 
  Error: EPERM: operation not permitted, unlink 'D:\denczeh-server\node_modules\bcrypt\lib\binding\bcrypt_lib.node'

npm manifest: 
  {
    "name": "denczech-server",
    "version": "0.0.0",
    "private": true,
    "scripts": {
      "start": "node ./bin/www",
      "nodemon": "nodemon ./bin/www"
    },
    "dependencies": {
      "amocrm-js": "^2.0.9",
      "aws-sdk": "2.x",
      "bcrypt": "^3.0.8",
      "body-parser": "*",
      "connect-mongo": "^3.2.0",
      "cookie-parser": "~1.4.3",
      "debug": "~2.6.9",
      "dotenv": "^8.2.0",
      "ejs": "*",
      "express": "~4.16.0",
      "express-force-https": "^1.0.0",
      "express-messages": "*",
      "express-session": "*",
      "express-validator": "*",
      "fs": "0.0.1-security",
      "http-errors": "~1.6.2",
      "jade": "~1.11.0",
      "mongodb": "*",
      "mongoose": "^5.13.2",
      "morgan": "~1.9.0",
      "multer": "^1.4.2",
      "multer-s3": "^2.9.0",
      "nodemailer": "^6.6.2",
      "passport": "*",
      "passport-http": "*",
      "passport-local": "*",
      "serve-favicon": "^2.5.0"
    },
    "devDependencies": {
      "prettier": "^1.19.1"
    }
  }

yarn manifest: 
  No manifest

Lockfile: 
  No lockfile
